  analysis.cpp
C:\Users\com316\Desktop\C++\1-hello-c-Luisei1120\12-abstract-data-types-Luisei1120\Chp11\analysis.cpp(1,1): warning C4819: 현재 코드 페이지(949)에서 표시할 수 없는 문자가 파일에 들어 있습니다. 데이터가 손실되지 않게 하려면 해당 파일을 유니코드 형식으로 저장하십시오.
C:\Users\com316\Desktop\C++\1-hello-c-Luisei1120\12-abstract-data-types-Luisei1120\Chp11\Student_info.h(1,1): warning C4819: 현재 코드 페이지(949)에서 표시할 수 없는 문자가 파일에 들어 있습니다. 데이터가 손실되지 않게 하려면 해당 파일을 유니코드 형식으로 저장하십시오.
  (소스 파일 'analysis.cpp'을(를) 컴파일하는 중)
  
C:\Users\com316\Desktop\C++\1-hello-c-Luisei1120\12-abstract-data-types-Luisei1120\Chp11\Vec.h(39,1): error C4430: 형식 지정자가 없습니다. int로 가정합니다. 참고: C++에서는 기본 int를 지원하지 않습니다.
  (소스 파일 'analysis.cpp'을(를) 컴파일하는 중)
  C:\Users\com316\Desktop\C++\1-hello-c-Luisei1120\12-abstract-data-types-Luisei1120\Chp11\Vec.h(39,1):
  템플릿 인스턴스화 컨텍스트(가장 오래된 인스턴스화 컨텍스트)가
  	C:\Users\com316\Desktop\C++\1-hello-c-Luisei1120\12-abstract-data-types-Luisei1120\Chp11\Vec.h(76,2):
  	컴파일되는 클래스 템플릿 인스턴스화 'Vec<T>'에 대한 참조를 확인하세요.
  
C:\Users\com316\Desktop\C++\1-hello-c-Luisei1120\12-abstract-data-types-Luisei1120\Chp11\Vec.h(45,11): error C2535: 'T *Vec<T>::begin(void)': 멤버 함수를 이미 정의했거나 선언했습니다.
  (소스 파일 'analysis.cpp'을(를) 컴파일하는 중)
  C:\Users\com316\Desktop\C++\1-hello-c-Luisei1120\12-abstract-data-types-Luisei1120\Chp11\Vec.h(42,11):
  'Vec<T>::begin' 선언을 참조하십시오.
  
C:\Users\com316\Desktop\C++\1-hello-c-Luisei1120\12-abstract-data-types-Luisei1120\Chp11\Vec.h(46,17): error C2535: 'const T *Vec<T>::end(void) const': 멤버 함수를 이미 정의했거나 선언했습니다.
  (소스 파일 'analysis.cpp'을(를) 컴파일하는 중)
  C:\Users\com316\Desktop\C++\1-hello-c-Luisei1120\12-abstract-data-types-Luisei1120\Chp11\Vec.h(43,17):
  'Vec<T>::end' 선언을 참조하십시오.
  
C:\Users\com316\Desktop\C++\1-hello-c-Luisei1120\12-abstract-data-types-Luisei1120\Chp11\Vec.h(29,2): error C2760: 구문 오류: 여기서 '}'은(는) 예상치 못한 오류였습니다. 예상된 오류는 ';'였습니다
  (소스 파일 'analysis.cpp'을(를) 컴파일하는 중)
  
C:\Users\com316\Desktop\C++\1-hello-c-Luisei1120\12-abstract-data-types-Luisei1120\Chp11\Vec.h(38,41): error C3861: 'i': 식별자를 찾을 수 없습니다.
  (소스 파일 'analysis.cpp'을(를) 컴파일하는 중)
  
C:\Users\com316\Desktop\C++\1-hello-c-Luisei1120\12-abstract-data-types-Luisei1120\Chp11\Vec.h(38,41): error C2065: 'i': 선언되지 않은 식별자입니다.
  (소스 파일 'analysis.cpp'을(를) 컴파일하는 중)
  
C:\Users\com316\Desktop\C++\1-hello-c-Luisei1120\12-abstract-data-types-Luisei1120\Chp11\Vec.h(98,28): error C3861: 'x': 식별자를 찾을 수 없습니다.
  (소스 파일 'analysis.cpp'을(를) 컴파일하는 중)
  
C:\Users\com316\Desktop\C++\1-hello-c-Luisei1120\12-abstract-data-types-Luisei1120\Chp11\Vec.h(107,11): error C3861: 'new_avail': 식별자를 찾을 수 없습니다.
  (소스 파일 'analysis.cpp'을(를) 컴파일하는 중)
  
C:\Users\com316\Desktop\C++\1-hello-c-Luisei1120\12-abstract-data-types-Luisei1120\Chp11\Vec.h(98,28): error C2065: 'x': 선언되지 않은 식별자입니다.
  (소스 파일 'analysis.cpp'을(를) 컴파일하는 중)
  
C:\Users\com316\Desktop\C++\1-hello-c-Luisei1120\12-abstract-data-types-Luisei1120\Chp11\Vec.h(107,11): error C2065: 'new_avail': 선언되지 않은 식별자입니다.
  (소스 파일 'analysis.cpp'을(를) 컴파일하는 중)
  
C:\Users\com316\Desktop\C++\1-hello-c-Luisei1120\12-abstract-data-types-Luisei1120\Chp11\Vec.h(126,28): error C3861: 'val': 식별자를 찾을 수 없습니다.
  (소스 파일 'analysis.cpp'을(를) 컴파일하는 중)
  
C:\Users\com316\Desktop\C++\1-hello-c-Luisei1120\12-abstract-data-types-Luisei1120\Chp11\Vec.h(126,28): error C2065: 'val': 선언되지 않은 식별자입니다.
  (소스 파일 'analysis.cpp'을(를) 컴파일하는 중)
  
C:\Users\com316\Desktop\C++\1-hello-c-Luisei1120\12-abstract-data-types-Luisei1120\Chp11\Vec.h(45,11): error C2535: 'double *Vec<double>::begin(void)': 멤버 함수를 이미 정의했거나 선언했습니다.
  (소스 파일 'analysis.cpp'을(를) 컴파일하는 중)
  C:\Users\com316\Desktop\C++\1-hello-c-Luisei1120\12-abstract-data-types-Luisei1120\Chp11\Vec.h(42,11):
  'Vec<double>::begin' 선언을 참조하십시오.
  
C:\Users\com316\Desktop\C++\1-hello-c-Luisei1120\12-abstract-data-types-Luisei1120\Chp11\Vec.h(46,17): error C2535: 'const double *Vec<double>::end(void) const': 멤버 함수를 이미 정의했거나 선언했습니다.
  (소스 파일 'analysis.cpp'을(를) 컴파일하는 중)
  C:\Users\com316\Desktop\C++\1-hello-c-Luisei1120\12-abstract-data-types-Luisei1120\Chp11\Vec.h(43,17):
  'Vec<double>::end' 선언을 참조하십시오.
  
C:\Users\com316\Desktop\C++\1-hello-c-Luisei1120\12-abstract-data-types-Luisei1120\Chp11\analysis.cpp(12,29): error C2662: 'double *Vec<double>::begin(void)': 'this' 포인터를 'const Vec<double>'에서 'Vec<double> &'(으)로 변환할 수 없습니다.
  C:\Users\com316\Desktop\C++\1-hello-c-Luisei1120\12-abstract-data-types-Luisei1120\Chp11\analysis.cpp(12,20):
  변환하면서 한정자가 손실됩니다.
  C:\Users\com316\Desktop\C++\1-hello-c-Luisei1120\12-abstract-data-types-Luisei1120\Chp11\Vec.h(42,11):
  'Vec<double>::begin' 선언을 참조하십시오.
  C:\Users\com316\Desktop\C++\1-hello-c-Luisei1120\12-abstract-data-types-Luisei1120\Chp11\analysis.cpp(12,29):
  인수 목록 '()'을(를) 일치시키는 동안
  
C:\Users\com316\Desktop\C++\1-hello-c-Luisei1120\12-abstract-data-types-Luisei1120\Chp11\Vec.h(45,11): error C2535: 'Student_info *Vec<Student_info>::begin(void)': 멤버 함수를 이미 정의했거나 선언했습니다.
  (소스 파일 'analysis.cpp'을(를) 컴파일하는 중)
  C:\Users\com316\Desktop\C++\1-hello-c-Luisei1120\12-abstract-data-types-Luisei1120\Chp11\Vec.h(42,11):
  'Vec<Student_info>::begin' 선언을 참조하십시오.
  
C:\Users\com316\Desktop\C++\1-hello-c-Luisei1120\12-abstract-data-types-Luisei1120\Chp11\Vec.h(46,17): error C2535: 'const Student_info *Vec<Student_info>::end(void) const': 멤버 함수를 이미 정의했거나 선언했습니다.
  (소스 파일 'analysis.cpp'을(를) 컴파일하는 중)
  C:\Users\com316\Desktop\C++\1-hello-c-Luisei1120\12-abstract-data-types-Luisei1120\Chp11\Vec.h(43,17):
  'Vec<Student_info>::end' 선언을 참조하십시오.
  
C:\Users\com316\Desktop\C++\1-hello-c-Luisei1120\12-abstract-data-types-Luisei1120\Chp11\analysis.cpp(28,23): error C2662: 'Student_info *Vec<Student_info>::begin(void)': 'this' 포인터를 'const Vec<Student_info>'에서 'Vec<Student_info> &'(으)로 변환할 수 없습니다.
  C:\Users\com316\Desktop\C++\1-hello-c-Luisei1120\12-abstract-data-types-Luisei1120\Chp11\analysis.cpp(28,15):
  변환하면서 한정자가 손실됩니다.
  C:\Users\com316\Desktop\C++\1-hello-c-Luisei1120\12-abstract-data-types-Luisei1120\Chp11\Vec.h(42,11):
  'Vec<Student_info>::begin' 선언을 참조하십시오.
  C:\Users\com316\Desktop\C++\1-hello-c-Luisei1120\12-abstract-data-types-Luisei1120\Chp11\analysis.cpp(28,23):
  인수 목록 '()'을(를) 일치시키는 동안
  
C:\Users\com316\Desktop\C++\1-hello-c-Luisei1120\12-abstract-data-types-Luisei1120\Chp11\analysis.cpp(38,27): error C2662: 'double *Vec<double>::begin(void)': 'this' 포인터를 'const Vec<double>'에서 'Vec<double> &'(으)로 변환할 수 없습니다.
  C:\Users\com316\Desktop\C++\1-hello-c-Luisei1120\12-abstract-data-types-Luisei1120\Chp11\analysis.cpp(38,18):
  변환하면서 한정자가 손실됩니다.
  C:\Users\com316\Desktop\C++\1-hello-c-Luisei1120\12-abstract-data-types-Luisei1120\Chp11\Vec.h(42,11):
  'Vec<double>::begin' 선언을 참조하십시오.
  C:\Users\com316\Desktop\C++\1-hello-c-Luisei1120\12-abstract-data-types-Luisei1120\Chp11\analysis.cpp(38,27):
  인수 목록 '()'을(를) 일치시키는 동안
  
C:\Users\com316\Desktop\C++\1-hello-c-Luisei1120\12-abstract-data-types-Luisei1120\Chp11\analysis.cpp(50,23): error C2662: 'Student_info *Vec<Student_info>::begin(void)': 'this' 포인터를 'const Vec<Student_info>'에서 'Vec<Student_info> &'(으)로 변환할 수 없습니다.
  C:\Users\com316\Desktop\C++\1-hello-c-Luisei1120\12-abstract-data-types-Luisei1120\Chp11\analysis.cpp(50,15):
  변환하면서 한정자가 손실됩니다.
  C:\Users\com316\Desktop\C++\1-hello-c-Luisei1120\12-abstract-data-types-Luisei1120\Chp11\Vec.h(42,11):
  'Vec<Student_info>::begin' 선언을 참조하십시오.
  C:\Users\com316\Desktop\C++\1-hello-c-Luisei1120\12-abstract-data-types-Luisei1120\Chp11\analysis.cpp(50,23):
  인수 목록 '()'을(를) 일치시키는 동안
  
C:\Users\com316\Desktop\C++\1-hello-c-Luisei1120\12-abstract-data-types-Luisei1120\Chp11\analysis.cpp(57,24): error C2662: 'double *Vec<double>::begin(void)': 'this' 포인터를 'const Vec<double>'에서 'Vec<double> &'(으)로 변환할 수 없습니다.
  C:\Users\com316\Desktop\C++\1-hello-c-Luisei1120\12-abstract-data-types-Luisei1120\Chp11\analysis.cpp(57,23):
  변환하면서 한정자가 손실됩니다.
  C:\Users\com316\Desktop\C++\1-hello-c-Luisei1120\12-abstract-data-types-Luisei1120\Chp11\Vec.h(42,11):
  'Vec<double>::begin' 선언을 참조하십시오.
  C:\Users\com316\Desktop\C++\1-hello-c-Luisei1120\12-abstract-data-types-Luisei1120\Chp11\analysis.cpp(57,24):
  인수 목록 '()'을(를) 일치시키는 동안
  
C:\Users\com316\Desktop\C++\1-hello-c-Luisei1120\12-abstract-data-types-Luisei1120\Chp11\analysis.cpp(67,23): error C2662: 'Student_info *Vec<Student_info>::begin(void)': 'this' 포인터를 'const Vec<Student_info>'에서 'Vec<Student_info> &'(으)로 변환할 수 없습니다.
  C:\Users\com316\Desktop\C++\1-hello-c-Luisei1120\12-abstract-data-types-Luisei1120\Chp11\analysis.cpp(67,15):
  변환하면서 한정자가 손실됩니다.
  C:\Users\com316\Desktop\C++\1-hello-c-Luisei1120\12-abstract-data-types-Luisei1120\Chp11\Vec.h(42,11):
  'Vec<Student_info>::begin' 선언을 참조하십시오.
  C:\Users\com316\Desktop\C++\1-hello-c-Luisei1120\12-abstract-data-types-Luisei1120\Chp11\analysis.cpp(67,23):
  인수 목록 '()'을(를) 일치시키는 동안
  
  grade.cpp
C:\Users\com316\Desktop\C++\1-hello-c-Luisei1120\12-abstract-data-types-Luisei1120\Chp11\grade.cpp(1,1): warning C4819: 현재 코드 페이지(949)에서 표시할 수 없는 문자가 파일에 들어 있습니다. 데이터가 손실되지 않게 하려면 해당 파일을 유니코드 형식으로 저장하십시오.
C:\Users\com316\Desktop\C++\1-hello-c-Luisei1120\12-abstract-data-types-Luisei1120\Chp11\Student_info.h(1,1): warning C4819: 현재 코드 페이지(949)에서 표시할 수 없는 문자가 파일에 들어 있습니다. 데이터가 손실되지 않게 하려면 해당 파일을 유니코드 형식으로 저장하십시오.
  (소스 파일 'grade.cpp'을(를) 컴파일하는 중)
  
C:\Users\com316\Desktop\C++\1-hello-c-Luisei1120\12-abstract-data-types-Luisei1120\Chp11\Vec.h(39,1): error C4430: 형식 지정자가 없습니다. int로 가정합니다. 참고: C++에서는 기본 int를 지원하지 않습니다.
  (소스 파일 'grade.cpp'을(를) 컴파일하는 중)
  C:\Users\com316\Desktop\C++\1-hello-c-Luisei1120\12-abstract-data-types-Luisei1120\Chp11\Vec.h(39,1):
  템플릿 인스턴스화 컨텍스트(가장 오래된 인스턴스화 컨텍스트)가
  	C:\Users\com316\Desktop\C++\1-hello-c-Luisei1120\12-abstract-data-types-Luisei1120\Chp11\Vec.h(76,2):
  	컴파일되는 클래스 템플릿 인스턴스화 'Vec<T>'에 대한 참조를 확인하세요.
  
C:\Users\com316\Desktop\C++\1-hello-c-Luisei1120\12-abstract-data-types-Luisei1120\Chp11\Vec.h(45,11): error C2535: 'T *Vec<T>::begin(void)': 멤버 함수를 이미 정의했거나 선언했습니다.
  (소스 파일 'grade.cpp'을(를) 컴파일하는 중)
  C:\Users\com316\Desktop\C++\1-hello-c-Luisei1120\12-abstract-data-types-Luisei1120\Chp11\Vec.h(42,11):
  'Vec<T>::begin' 선언을 참조하십시오.
  
C:\Users\com316\Desktop\C++\1-hello-c-Luisei1120\12-abstract-data-types-Luisei1120\Chp11\Vec.h(46,17): error C2535: 'const T *Vec<T>::end(void) const': 멤버 함수를 이미 정의했거나 선언했습니다.
  (소스 파일 'grade.cpp'을(를) 컴파일하는 중)
  C:\Users\com316\Desktop\C++\1-hello-c-Luisei1120\12-abstract-data-types-Luisei1120\Chp11\Vec.h(43,17):
  'Vec<T>::end' 선언을 참조하십시오.
  
C:\Users\com316\Desktop\C++\1-hello-c-Luisei1120\12-abstract-data-types-Luisei1120\Chp11\Vec.h(29,2): error C2760: 구문 오류: 여기서 '}'은(는) 예상치 못한 오류였습니다. 예상된 오류는 ';'였습니다
  (소스 파일 'grade.cpp'을(를) 컴파일하는 중)
  
C:\Users\com316\Desktop\C++\1-hello-c-Luisei1120\12-abstract-data-types-Luisei1120\Chp11\Vec.h(38,41): error C3861: 'i': 식별자를 찾을 수 없습니다.
  (소스 파일 'grade.cpp'을(를) 컴파일하는 중)
  
C:\Users\com316\Desktop\C++\1-hello-c-Luisei1120\12-abstract-data-types-Luisei1120\Chp11\Vec.h(38,41): error C2065: 'i': 선언되지 않은 식별자입니다.
  (소스 파일 'grade.cpp'을(를) 컴파일하는 중)
  
C:\Users\com316\Desktop\C++\1-hello-c-Luisei1120\12-abstract-data-types-Luisei1120\Chp11\Vec.h(98,28): error C3861: 'x': 식별자를 찾을 수 없습니다.
  (소스 파일 'grade.cpp'을(를) 컴파일하는 중)
  
C:\Users\com316\Desktop\C++\1-hello-c-Luisei1120\12-abstract-data-types-Luisei1120\Chp11\Vec.h(107,11): error C3861: 'new_avail': 식별자를 찾을 수 없습니다.
  (소스 파일 'grade.cpp'을(를) 컴파일하는 중)
  
C:\Users\com316\Desktop\C++\1-hello-c-Luisei1120\12-abstract-data-types-Luisei1120\Chp11\Vec.h(98,28): error C2065: 'x': 선언되지 않은 식별자입니다.
  (소스 파일 'grade.cpp'을(를) 컴파일하는 중)
  
C:\Users\com316\Desktop\C++\1-hello-c-Luisei1120\12-abstract-data-types-Luisei1120\Chp11\Vec.h(107,11): error C2065: 'new_avail': 선언되지 않은 식별자입니다.
  (소스 파일 'grade.cpp'을(를) 컴파일하는 중)
  
C:\Users\com316\Desktop\C++\1-hello-c-Luisei1120\12-abstract-data-types-Luisei1120\Chp11\Vec.h(126,28): error C3861: 'val': 식별자를 찾을 수 없습니다.
  (소스 파일 'grade.cpp'을(를) 컴파일하는 중)
  
C:\Users\com316\Desktop\C++\1-hello-c-Luisei1120\12-abstract-data-types-Luisei1120\Chp11\Vec.h(126,28): error C2065: 'val': 선언되지 않은 식별자입니다.
  (소스 파일 'grade.cpp'을(를) 컴파일하는 중)
  
C:\Users\com316\Desktop\C++\1-hello-c-Luisei1120\12-abstract-data-types-Luisei1120\Chp11\Vec.h(45,11): error C2535: 'double *Vec<double>::begin(void)': 멤버 함수를 이미 정의했거나 선언했습니다.
  (소스 파일 'grade.cpp'을(를) 컴파일하는 중)
  C:\Users\com316\Desktop\C++\1-hello-c-Luisei1120\12-abstract-data-types-Luisei1120\Chp11\Vec.h(42,11):
  'Vec<double>::begin' 선언을 참조하십시오.
  
C:\Users\com316\Desktop\C++\1-hello-c-Luisei1120\12-abstract-data-types-Luisei1120\Chp11\Vec.h(46,17): error C2535: 'const double *Vec<double>::end(void) const': 멤버 함수를 이미 정의했거나 선언했습니다.
  (소스 파일 'grade.cpp'을(를) 컴파일하는 중)
  C:\Users\com316\Desktop\C++\1-hello-c-Luisei1120\12-abstract-data-types-Luisei1120\Chp11\Vec.h(43,17):
  'Vec<double>::end' 선언을 참조하십시오.
  
  main.cpp
C:\Users\com316\Desktop\C++\1-hello-c-Luisei1120\12-abstract-data-types-Luisei1120\Chp11\main.cpp(1,1): warning C4828: 파일에 0xb1f 오프셋에서 시작하는 문자가 포함되어 있습니다. 이 문자는 현재 원본 문자 집합에서 잘못된 문자입니다(코드 페이지 949).
C:\Users\com316\Desktop\C++\1-hello-c-Luisei1120\12-abstract-data-types-Luisei1120\Chp11\main.cpp(1,1): warning C4819: 현재 코드 페이지(949)에서 표시할 수 없는 문자가 파일에 들어 있습니다. 데이터가 손실되지 않게 하려면 해당 파일을 유니코드 형식으로 저장하십시오.
C:\Users\com316\Desktop\C++\1-hello-c-Luisei1120\12-abstract-data-types-Luisei1120\Chp11\Student_info.h(1,1): warning C4819: 현재 코드 페이지(949)에서 표시할 수 없는 문자가 파일에 들어 있습니다. 데이터가 손실되지 않게 하려면 해당 파일을 유니코드 형식으로 저장하십시오.
  (소스 파일 'main.cpp'을(를) 컴파일하는 중)
  
C:\Users\com316\Desktop\C++\1-hello-c-Luisei1120\12-abstract-data-types-Luisei1120\Chp11\Vec.h(39,1): error C4430: 형식 지정자가 없습니다. int로 가정합니다. 참고: C++에서는 기본 int를 지원하지 않습니다.
  (소스 파일 'main.cpp'을(를) 컴파일하는 중)
  C:\Users\com316\Desktop\C++\1-hello-c-Luisei1120\12-abstract-data-types-Luisei1120\Chp11\Vec.h(39,1):
  템플릿 인스턴스화 컨텍스트(가장 오래된 인스턴스화 컨텍스트)가
  	C:\Users\com316\Desktop\C++\1-hello-c-Luisei1120\12-abstract-data-types-Luisei1120\Chp11\Vec.h(76,2):
  	컴파일되는 클래스 템플릿 인스턴스화 'Vec<T>'에 대한 참조를 확인하세요.
  
C:\Users\com316\Desktop\C++\1-hello-c-Luisei1120\12-abstract-data-types-Luisei1120\Chp11\Vec.h(45,11): error C2535: 'T *Vec<T>::begin(void)': 멤버 함수를 이미 정의했거나 선언했습니다.
  (소스 파일 'main.cpp'을(를) 컴파일하는 중)
  C:\Users\com316\Desktop\C++\1-hello-c-Luisei1120\12-abstract-data-types-Luisei1120\Chp11\Vec.h(42,11):
  'Vec<T>::begin' 선언을 참조하십시오.
  
C:\Users\com316\Desktop\C++\1-hello-c-Luisei1120\12-abstract-data-types-Luisei1120\Chp11\Vec.h(46,17): error C2535: 'const T *Vec<T>::end(void) const': 멤버 함수를 이미 정의했거나 선언했습니다.
  (소스 파일 'main.cpp'을(를) 컴파일하는 중)
  C:\Users\com316\Desktop\C++\1-hello-c-Luisei1120\12-abstract-data-types-Luisei1120\Chp11\Vec.h(43,17):
  'Vec<T>::end' 선언을 참조하십시오.
  
C:\Users\com316\Desktop\C++\1-hello-c-Luisei1120\12-abstract-data-types-Luisei1120\Chp11\Vec.h(29,2): error C2760: 구문 오류: 여기서 '}'은(는) 예상치 못한 오류였습니다. 예상된 오류는 ';'였습니다
  (소스 파일 'main.cpp'을(를) 컴파일하는 중)
  
C:\Users\com316\Desktop\C++\1-hello-c-Luisei1120\12-abstract-data-types-Luisei1120\Chp11\Vec.h(38,41): error C3861: 'i': 식별자를 찾을 수 없습니다.
  (소스 파일 'main.cpp'을(를) 컴파일하는 중)
  
C:\Users\com316\Desktop\C++\1-hello-c-Luisei1120\12-abstract-data-types-Luisei1120\Chp11\Vec.h(38,41): error C2065: 'i': 선언되지 않은 식별자입니다.
  (소스 파일 'main.cpp'을(를) 컴파일하는 중)
  
C:\Users\com316\Desktop\C++\1-hello-c-Luisei1120\12-abstract-data-types-Luisei1120\Chp11\Vec.h(98,28): error C3861: 'x': 식별자를 찾을 수 없습니다.
  (소스 파일 'main.cpp'을(를) 컴파일하는 중)
  
C:\Users\com316\Desktop\C++\1-hello-c-Luisei1120\12-abstract-data-types-Luisei1120\Chp11\Vec.h(107,11): error C3861: 'new_avail': 식별자를 찾을 수 없습니다.
  (소스 파일 'main.cpp'을(를) 컴파일하는 중)
  
C:\Users\com316\Desktop\C++\1-hello-c-Luisei1120\12-abstract-data-types-Luisei1120\Chp11\Vec.h(98,28): error C2065: 'x': 선언되지 않은 식별자입니다.
  (소스 파일 'main.cpp'을(를) 컴파일하는 중)
  
C:\Users\com316\Desktop\C++\1-hello-c-Luisei1120\12-abstract-data-types-Luisei1120\Chp11\Vec.h(107,11): error C2065: 'new_avail': 선언되지 않은 식별자입니다.
  (소스 파일 'main.cpp'을(를) 컴파일하는 중)
  
C:\Users\com316\Desktop\C++\1-hello-c-Luisei1120\12-abstract-data-types-Luisei1120\Chp11\Vec.h(126,28): error C3861: 'val': 식별자를 찾을 수 없습니다.
  (소스 파일 'main.cpp'을(를) 컴파일하는 중)
  
C:\Users\com316\Desktop\C++\1-hello-c-Luisei1120\12-abstract-data-types-Luisei1120\Chp11\Vec.h(126,28): error C2065: 'val': 선언되지 않은 식별자입니다.
  (소스 파일 'main.cpp'을(를) 컴파일하는 중)
  
C:\Users\com316\Desktop\C++\1-hello-c-Luisei1120\12-abstract-data-types-Luisei1120\Chp11\Vec.h(45,11): error C2535: 'double *Vec<double>::begin(void)': 멤버 함수를 이미 정의했거나 선언했습니다.
  (소스 파일 'main.cpp'을(를) 컴파일하는 중)
  C:\Users\com316\Desktop\C++\1-hello-c-Luisei1120\12-abstract-data-types-Luisei1120\Chp11\Vec.h(42,11):
  'Vec<double>::begin' 선언을 참조하십시오.
  
C:\Users\com316\Desktop\C++\1-hello-c-Luisei1120\12-abstract-data-types-Luisei1120\Chp11\Vec.h(46,17): error C2535: 'const double *Vec<double>::end(void) const': 멤버 함수를 이미 정의했거나 선언했습니다.
  (소스 파일 'main.cpp'을(를) 컴파일하는 중)
  C:\Users\com316\Desktop\C++\1-hello-c-Luisei1120\12-abstract-data-types-Luisei1120\Chp11\Vec.h(43,17):
  'Vec<double>::end' 선언을 참조하십시오.
  
C:\Users\com316\Desktop\C++\1-hello-c-Luisei1120\12-abstract-data-types-Luisei1120\Chp11\Vec.h(45,11): error C2535: 'Student_info *Vec<Student_info>::begin(void)': 멤버 함수를 이미 정의했거나 선언했습니다.
  (소스 파일 'main.cpp'을(를) 컴파일하는 중)
  C:\Users\com316\Desktop\C++\1-hello-c-Luisei1120\12-abstract-data-types-Luisei1120\Chp11\Vec.h(42,11):
  'Vec<Student_info>::begin' 선언을 참조하십시오.
  
C:\Users\com316\Desktop\C++\1-hello-c-Luisei1120\12-abstract-data-types-Luisei1120\Chp11\Vec.h(46,17): error C2535: 'const Student_info *Vec<Student_info>::end(void) const': 멤버 함수를 이미 정의했거나 선언했습니다.
  (소스 파일 'main.cpp'을(를) 컴파일하는 중)
  C:\Users\com316\Desktop\C++\1-hello-c-Luisei1120\12-abstract-data-types-Luisei1120\Chp11\Vec.h(43,17):
  'Vec<Student_info>::end' 선언을 참조하십시오.
  
  median.cpp
C:\Users\com316\Desktop\C++\1-hello-c-Luisei1120\12-abstract-data-types-Luisei1120\Chp11\median.cpp(1,1): warning C4819: 현재 코드 페이지(949)에서 표시할 수 없는 문자가 파일에 들어 있습니다. 데이터가 손실되지 않게 하려면 해당 파일을 유니코드 형식으로 저장하십시오.
C:\Users\com316\Desktop\C++\1-hello-c-Luisei1120\12-abstract-data-types-Luisei1120\Chp11\Student_info.h(1,1): warning C4819: 현재 코드 페이지(949)에서 표시할 수 없는 문자가 파일에 들어 있습니다. 데이터가 손실되지 않게 하려면 해당 파일을 유니코드 형식으로 저장하십시오.
  (소스 파일 'median.cpp'을(를) 컴파일하는 중)
  
C:\Users\com316\Desktop\C++\1-hello-c-Luisei1120\12-abstract-data-types-Luisei1120\Chp11\Vec.h(39,1): error C4430: 형식 지정자가 없습니다. int로 가정합니다. 참고: C++에서는 기본 int를 지원하지 않습니다.
  (소스 파일 'median.cpp'을(를) 컴파일하는 중)
  C:\Users\com316\Desktop\C++\1-hello-c-Luisei1120\12-abstract-data-types-Luisei1120\Chp11\Vec.h(39,1):
  템플릿 인스턴스화 컨텍스트(가장 오래된 인스턴스화 컨텍스트)가
  	C:\Users\com316\Desktop\C++\1-hello-c-Luisei1120\12-abstract-data-types-Luisei1120\Chp11\Vec.h(76,2):
  	컴파일되는 클래스 템플릿 인스턴스화 'Vec<T>'에 대한 참조를 확인하세요.
  
C:\Users\com316\Desktop\C++\1-hello-c-Luisei1120\12-abstract-data-types-Luisei1120\Chp11\Vec.h(45,11): error C2535: 'T *Vec<T>::begin(void)': 멤버 함수를 이미 정의했거나 선언했습니다.
  (소스 파일 'median.cpp'을(를) 컴파일하는 중)
  C:\Users\com316\Desktop\C++\1-hello-c-Luisei1120\12-abstract-data-types-Luisei1120\Chp11\Vec.h(42,11):
  'Vec<T>::begin' 선언을 참조하십시오.
  
C:\Users\com316\Desktop\C++\1-hello-c-Luisei1120\12-abstract-data-types-Luisei1120\Chp11\Vec.h(46,17): error C2535: 'const T *Vec<T>::end(void) const': 멤버 함수를 이미 정의했거나 선언했습니다.
  (소스 파일 'median.cpp'을(를) 컴파일하는 중)
  C:\Users\com316\Desktop\C++\1-hello-c-Luisei1120\12-abstract-data-types-Luisei1120\Chp11\Vec.h(43,17):
  'Vec<T>::end' 선언을 참조하십시오.
  
C:\Users\com316\Desktop\C++\1-hello-c-Luisei1120\12-abstract-data-types-Luisei1120\Chp11\Vec.h(29,2): error C2760: 구문 오류: 여기서 '}'은(는) 예상치 못한 오류였습니다. 예상된 오류는 ';'였습니다
  (소스 파일 'median.cpp'을(를) 컴파일하는 중)
  
C:\Users\com316\Desktop\C++\1-hello-c-Luisei1120\12-abstract-data-types-Luisei1120\Chp11\Vec.h(38,41): error C3861: 'i': 식별자를 찾을 수 없습니다.
  (소스 파일 'median.cpp'을(를) 컴파일하는 중)
  
C:\Users\com316\Desktop\C++\1-hello-c-Luisei1120\12-abstract-data-types-Luisei1120\Chp11\Vec.h(38,41): error C2065: 'i': 선언되지 않은 식별자입니다.
  (소스 파일 'median.cpp'을(를) 컴파일하는 중)
  
C:\Users\com316\Desktop\C++\1-hello-c-Luisei1120\12-abstract-data-types-Luisei1120\Chp11\Vec.h(98,28): error C3861: 'x': 식별자를 찾을 수 없습니다.
  (소스 파일 'median.cpp'을(를) 컴파일하는 중)
  
C:\Users\com316\Desktop\C++\1-hello-c-Luisei1120\12-abstract-data-types-Luisei1120\Chp11\Vec.h(107,11): error C3861: 'new_avail': 식별자를 찾을 수 없습니다.
  (소스 파일 'median.cpp'을(를) 컴파일하는 중)
  
C:\Users\com316\Desktop\C++\1-hello-c-Luisei1120\12-abstract-data-types-Luisei1120\Chp11\Vec.h(98,28): error C2065: 'x': 선언되지 않은 식별자입니다.
  (소스 파일 'median.cpp'을(를) 컴파일하는 중)
  
C:\Users\com316\Desktop\C++\1-hello-c-Luisei1120\12-abstract-data-types-Luisei1120\Chp11\Vec.h(107,11): error C2065: 'new_avail': 선언되지 않은 식별자입니다.
  (소스 파일 'median.cpp'을(를) 컴파일하는 중)
  
C:\Users\com316\Desktop\C++\1-hello-c-Luisei1120\12-abstract-data-types-Luisei1120\Chp11\Vec.h(126,28): error C3861: 'val': 식별자를 찾을 수 없습니다.
  (소스 파일 'median.cpp'을(를) 컴파일하는 중)
  
C:\Users\com316\Desktop\C++\1-hello-c-Luisei1120\12-abstract-data-types-Luisei1120\Chp11\Vec.h(126,28): error C2065: 'val': 선언되지 않은 식별자입니다.
  (소스 파일 'median.cpp'을(를) 컴파일하는 중)
  
C:\Users\com316\Desktop\C++\1-hello-c-Luisei1120\12-abstract-data-types-Luisei1120\Chp11\Vec.h(45,11): error C2535: 'double *Vec<double>::begin(void)': 멤버 함수를 이미 정의했거나 선언했습니다.
  (소스 파일 'median.cpp'을(를) 컴파일하는 중)
  C:\Users\com316\Desktop\C++\1-hello-c-Luisei1120\12-abstract-data-types-Luisei1120\Chp11\Vec.h(42,11):
  'Vec<double>::begin' 선언을 참조하십시오.
  
C:\Users\com316\Desktop\C++\1-hello-c-Luisei1120\12-abstract-data-types-Luisei1120\Chp11\Vec.h(46,17): error C2535: 'const double *Vec<double>::end(void) const': 멤버 함수를 이미 정의했거나 선언했습니다.
  (소스 파일 'median.cpp'을(를) 컴파일하는 중)
  C:\Users\com316\Desktop\C++\1-hello-c-Luisei1120\12-abstract-data-types-Luisei1120\Chp11\Vec.h(43,17):
  'Vec<double>::end' 선언을 참조하십시오.
  
C:\Users\com316\Desktop\C++\1-hello-c-Luisei1120\12-abstract-data-types-Luisei1120\Chp11\median.cpp(25,5): error C2672: 'sort': 일치하는 오버로드된 함수가 없습니다.
  C:\Program Files\Microsoft Visual Studio\2022\Community\VC\Tools\MSVC\14.38.33130\include\algorithm(8077,19):
  'void std::sort(const _RanIt,const _RanIt,_Pr)'일 수 있습니다.
  	C:\Users\com316\Desktop\C++\1-hello-c-Luisei1120\12-abstract-data-types-Luisei1120\Chp11\median.cpp(25,5):
  	'void std::sort(const _RanIt,const _RanIt,_Pr)': 3개의 인수가 필요합니다. 2개가 제공되었습니다.
  C:\Program Files\Microsoft Visual Studio\2022\Community\VC\Tools\MSVC\14.38.33130\include\algorithm(8085,19):
  또는       'void std::sort(const _RanIt,const _RanIt)'
  	C:\Users\com316\Desktop\C++\1-hello-c-Luisei1120\12-abstract-data-types-Luisei1120\Chp11\median.cpp(25,5):
  	'void std::sort(const _RanIt,const _RanIt)': 템플릿 매개 변수 '_RanIt'이(가) 모호합니다.
  		C:\Users\com316\Desktop\C++\1-hello-c-Luisei1120\12-abstract-data-types-Luisei1120\Chp11\median.cpp(25,5):
  		'const double *'일 수 있습니다.
  		C:\Users\com316\Desktop\C++\1-hello-c-Luisei1120\12-abstract-data-types-Luisei1120\Chp11\median.cpp(25,5):
  		또는      'double *'
  	C:\Users\com316\Desktop\C++\1-hello-c-Luisei1120\12-abstract-data-types-Luisei1120\Chp11\median.cpp(25,5):
  	'void std::sort(const _RanIt,const _RanIt)': 'const double *'에서 'const _RanIt'에 대한 템플릿 인수를 추론할 수 없습니다.
  
  Student_info.cpp
C:\Users\com316\Desktop\C++\1-hello-c-Luisei1120\12-abstract-data-types-Luisei1120\Chp11\Student_info.cpp(1,1): warning C4819: 현재 코드 페이지(949)에서 표시할 수 없는 문자가 파일에 들어 있습니다. 데이터가 손실되지 않게 하려면 해당 파일을 유니코드 형식으로 저장하십시오.
C:\Users\com316\Desktop\C++\1-hello-c-Luisei1120\12-abstract-data-types-Luisei1120\Chp11\Student_info.h(1,1): warning C4819: 현재 코드 페이지(949)에서 표시할 수 없는 문자가 파일에 들어 있습니다. 데이터가 손실되지 않게 하려면 해당 파일을 유니코드 형식으로 저장하십시오.
  (소스 파일 'Student_info.cpp'을(를) 컴파일하는 중)
  
C:\Users\com316\Desktop\C++\1-hello-c-Luisei1120\12-abstract-data-types-Luisei1120\Chp11\Vec.h(39,1): error C4430: 형식 지정자가 없습니다. int로 가정합니다. 참고: C++에서는 기본 int를 지원하지 않습니다.
  (소스 파일 'Student_info.cpp'을(를) 컴파일하는 중)
  C:\Users\com316\Desktop\C++\1-hello-c-Luisei1120\12-abstract-data-types-Luisei1120\Chp11\Vec.h(39,1):
  템플릿 인스턴스화 컨텍스트(가장 오래된 인스턴스화 컨텍스트)가
  	C:\Users\com316\Desktop\C++\1-hello-c-Luisei1120\12-abstract-data-types-Luisei1120\Chp11\Vec.h(76,2):
  	컴파일되는 클래스 템플릿 인스턴스화 'Vec<T>'에 대한 참조를 확인하세요.
  
C:\Users\com316\Desktop\C++\1-hello-c-Luisei1120\12-abstract-data-types-Luisei1120\Chp11\Vec.h(45,11): error C2535: 'T *Vec<T>::begin(void)': 멤버 함수를 이미 정의했거나 선언했습니다.
  (소스 파일 'Student_info.cpp'을(를) 컴파일하는 중)
  C:\Users\com316\Desktop\C++\1-hello-c-Luisei1120\12-abstract-data-types-Luisei1120\Chp11\Vec.h(42,11):
  'Vec<T>::begin' 선언을 참조하십시오.
  
C:\Users\com316\Desktop\C++\1-hello-c-Luisei1120\12-abstract-data-types-Luisei1120\Chp11\Vec.h(46,17): error C2535: 'const T *Vec<T>::end(void) const': 멤버 함수를 이미 정의했거나 선언했습니다.
  (소스 파일 'Student_info.cpp'을(를) 컴파일하는 중)
  C:\Users\com316\Desktop\C++\1-hello-c-Luisei1120\12-abstract-data-types-Luisei1120\Chp11\Vec.h(43,17):
  'Vec<T>::end' 선언을 참조하십시오.
  
C:\Users\com316\Desktop\C++\1-hello-c-Luisei1120\12-abstract-data-types-Luisei1120\Chp11\Vec.h(29,2): error C2760: 구문 오류: 여기서 '}'은(는) 예상치 못한 오류였습니다. 예상된 오류는 ';'였습니다
  (소스 파일 'Student_info.cpp'을(를) 컴파일하는 중)
  
C:\Users\com316\Desktop\C++\1-hello-c-Luisei1120\12-abstract-data-types-Luisei1120\Chp11\Vec.h(38,41): error C3861: 'i': 식별자를 찾을 수 없습니다.
  (소스 파일 'Student_info.cpp'을(를) 컴파일하는 중)
  
C:\Users\com316\Desktop\C++\1-hello-c-Luisei1120\12-abstract-data-types-Luisei1120\Chp11\Vec.h(38,41): error C2065: 'i': 선언되지 않은 식별자입니다.
  (소스 파일 'Student_info.cpp'을(를) 컴파일하는 중)
  
C:\Users\com316\Desktop\C++\1-hello-c-Luisei1120\12-abstract-data-types-Luisei1120\Chp11\Vec.h(98,28): error C3861: 'x': 식별자를 찾을 수 없습니다.
  (소스 파일 'Student_info.cpp'을(를) 컴파일하는 중)
  
C:\Users\com316\Desktop\C++\1-hello-c-Luisei1120\12-abstract-data-types-Luisei1120\Chp11\Vec.h(107,11): error C3861: 'new_avail': 식별자를 찾을 수 없습니다.
  (소스 파일 'Student_info.cpp'을(를) 컴파일하는 중)
  
C:\Users\com316\Desktop\C++\1-hello-c-Luisei1120\12-abstract-data-types-Luisei1120\Chp11\Vec.h(98,28): error C2065: 'x': 선언되지 않은 식별자입니다.
  (소스 파일 'Student_info.cpp'을(를) 컴파일하는 중)
  
C:\Users\com316\Desktop\C++\1-hello-c-Luisei1120\12-abstract-data-types-Luisei1120\Chp11\Vec.h(107,11): error C2065: 'new_avail': 선언되지 않은 식별자입니다.
  (소스 파일 'Student_info.cpp'을(를) 컴파일하는 중)
  
C:\Users\com316\Desktop\C++\1-hello-c-Luisei1120\12-abstract-data-types-Luisei1120\Chp11\Vec.h(126,28): error C3861: 'val': 식별자를 찾을 수 없습니다.
  (소스 파일 'Student_info.cpp'을(를) 컴파일하는 중)
  
C:\Users\com316\Desktop\C++\1-hello-c-Luisei1120\12-abstract-data-types-Luisei1120\Chp11\Vec.h(126,28): error C2065: 'val': 선언되지 않은 식별자입니다.
  (소스 파일 'Student_info.cpp'을(를) 컴파일하는 중)
  
C:\Users\com316\Desktop\C++\1-hello-c-Luisei1120\12-abstract-data-types-Luisei1120\Chp11\Vec.h(45,11): error C2535: 'double *Vec<double>::begin(void)': 멤버 함수를 이미 정의했거나 선언했습니다.
  (소스 파일 'Student_info.cpp'을(를) 컴파일하는 중)
  C:\Users\com316\Desktop\C++\1-hello-c-Luisei1120\12-abstract-data-types-Luisei1120\Chp11\Vec.h(42,11):
  'Vec<double>::begin' 선언을 참조하십시오.
  
C:\Users\com316\Desktop\C++\1-hello-c-Luisei1120\12-abstract-data-types-Luisei1120\Chp11\Vec.h(46,17): error C2535: 'const double *Vec<double>::end(void) const': 멤버 함수를 이미 정의했거나 선언했습니다.
  (소스 파일 'Student_info.cpp'을(를) 컴파일하는 중)
  C:\Users\com316\Desktop\C++\1-hello-c-Luisei1120\12-abstract-data-types-Luisei1120\Chp11\Vec.h(43,17):
  'Vec<double>::end' 선언을 참조하십시오.
  
  util.cpp
C:\Users\com316\Desktop\C++\1-hello-c-Luisei1120\12-abstract-data-types-Luisei1120\Chp11\util.cpp(1,1): warning C4819: 현재 코드 페이지(949)에서 표시할 수 없는 문자가 파일에 들어 있습니다. 데이터가 손실되지 않게 하려면 해당 파일을 유니코드 형식으로 저장하십시오.
C:\Users\com316\Desktop\C++\1-hello-c-Luisei1120\12-abstract-data-types-Luisei1120\Chp11\Student_info.h(1,1): warning C4819: 현재 코드 페이지(949)에서 표시할 수 없는 문자가 파일에 들어 있습니다. 데이터가 손실되지 않게 하려면 해당 파일을 유니코드 형식으로 저장하십시오.
  (소스 파일 'util.cpp'을(를) 컴파일하는 중)
  
C:\Users\com316\Desktop\C++\1-hello-c-Luisei1120\12-abstract-data-types-Luisei1120\Chp11\Vec.h(39,1): error C4430: 형식 지정자가 없습니다. int로 가정합니다. 참고: C++에서는 기본 int를 지원하지 않습니다.
  (소스 파일 'util.cpp'을(를) 컴파일하는 중)
  C:\Users\com316\Desktop\C++\1-hello-c-Luisei1120\12-abstract-data-types-Luisei1120\Chp11\Vec.h(39,1):
  템플릿 인스턴스화 컨텍스트(가장 오래된 인스턴스화 컨텍스트)가
  	C:\Users\com316\Desktop\C++\1-hello-c-Luisei1120\12-abstract-data-types-Luisei1120\Chp11\Vec.h(76,2):
  	컴파일되는 클래스 템플릿 인스턴스화 'Vec<T>'에 대한 참조를 확인하세요.
  
C:\Users\com316\Desktop\C++\1-hello-c-Luisei1120\12-abstract-data-types-Luisei1120\Chp11\Vec.h(45,11): error C2535: 'T *Vec<T>::begin(void)': 멤버 함수를 이미 정의했거나 선언했습니다.
  (소스 파일 'util.cpp'을(를) 컴파일하는 중)
  C:\Users\com316\Desktop\C++\1-hello-c-Luisei1120\12-abstract-data-types-Luisei1120\Chp11\Vec.h(42,11):
  'Vec<T>::begin' 선언을 참조하십시오.
  
C:\Users\com316\Desktop\C++\1-hello-c-Luisei1120\12-abstract-data-types-Luisei1120\Chp11\Vec.h(46,17): error C2535: 'const T *Vec<T>::end(void) const': 멤버 함수를 이미 정의했거나 선언했습니다.
  (소스 파일 'util.cpp'을(를) 컴파일하는 중)
  C:\Users\com316\Desktop\C++\1-hello-c-Luisei1120\12-abstract-data-types-Luisei1120\Chp11\Vec.h(43,17):
  'Vec<T>::end' 선언을 참조하십시오.
  
C:\Users\com316\Desktop\C++\1-hello-c-Luisei1120\12-abstract-data-types-Luisei1120\Chp11\Vec.h(29,2): error C2760: 구문 오류: 여기서 '}'은(는) 예상치 못한 오류였습니다. 예상된 오류는 ';'였습니다
  (소스 파일 'util.cpp'을(를) 컴파일하는 중)
  
C:\Users\com316\Desktop\C++\1-hello-c-Luisei1120\12-abstract-data-types-Luisei1120\Chp11\Vec.h(38,41): error C3861: 'i': 식별자를 찾을 수 없습니다.
  (소스 파일 'util.cpp'을(를) 컴파일하는 중)
  
C:\Users\com316\Desktop\C++\1-hello-c-Luisei1120\12-abstract-data-types-Luisei1120\Chp11\Vec.h(38,41): error C2065: 'i': 선언되지 않은 식별자입니다.
  (소스 파일 'util.cpp'을(를) 컴파일하는 중)
  
C:\Users\com316\Desktop\C++\1-hello-c-Luisei1120\12-abstract-data-types-Luisei1120\Chp11\Vec.h(98,28): error C3861: 'x': 식별자를 찾을 수 없습니다.
  (소스 파일 'util.cpp'을(를) 컴파일하는 중)
  
C:\Users\com316\Desktop\C++\1-hello-c-Luisei1120\12-abstract-data-types-Luisei1120\Chp11\Vec.h(107,11): error C3861: 'new_avail': 식별자를 찾을 수 없습니다.
  (소스 파일 'util.cpp'을(를) 컴파일하는 중)
  
C:\Users\com316\Desktop\C++\1-hello-c-Luisei1120\12-abstract-data-types-Luisei1120\Chp11\Vec.h(98,28): error C2065: 'x': 선언되지 않은 식별자입니다.
  (소스 파일 'util.cpp'을(를) 컴파일하는 중)
  
C:\Users\com316\Desktop\C++\1-hello-c-Luisei1120\12-abstract-data-types-Luisei1120\Chp11\Vec.h(107,11): error C2065: 'new_avail': 선언되지 않은 식별자입니다.
  (소스 파일 'util.cpp'을(를) 컴파일하는 중)
  
C:\Users\com316\Desktop\C++\1-hello-c-Luisei1120\12-abstract-data-types-Luisei1120\Chp11\Vec.h(126,28): error C3861: 'val': 식별자를 찾을 수 없습니다.
  (소스 파일 'util.cpp'을(를) 컴파일하는 중)
  
C:\Users\com316\Desktop\C++\1-hello-c-Luisei1120\12-abstract-data-types-Luisei1120\Chp11\Vec.h(126,28): error C2065: 'val': 선언되지 않은 식별자입니다.
  (소스 파일 'util.cpp'을(를) 컴파일하는 중)
  
C:\Users\com316\Desktop\C++\1-hello-c-Luisei1120\12-abstract-data-types-Luisei1120\Chp11\Vec.h(45,11): error C2535: 'double *Vec<double>::begin(void)': 멤버 함수를 이미 정의했거나 선언했습니다.
  (소스 파일 'util.cpp'을(를) 컴파일하는 중)
  C:\Users\com316\Desktop\C++\1-hello-c-Luisei1120\12-abstract-data-types-Luisei1120\Chp11\Vec.h(42,11):
  'Vec<double>::begin' 선언을 참조하십시오.
  
C:\Users\com316\Desktop\C++\1-hello-c-Luisei1120\12-abstract-data-types-Luisei1120\Chp11\Vec.h(46,17): error C2535: 'const double *Vec<double>::end(void) const': 멤버 함수를 이미 정의했거나 선언했습니다.
  (소스 파일 'util.cpp'을(를) 컴파일하는 중)
  C:\Users\com316\Desktop\C++\1-hello-c-Luisei1120\12-abstract-data-types-Luisei1120\Chp11\Vec.h(43,17):
  'Vec<double>::end' 선언을 참조하십시오.
  
C:\Users\com316\Desktop\C++\1-hello-c-Luisei1120\12-abstract-data-types-Luisei1120\Chp11\Vec.h(45,11): error C2535: 'Student_info *Vec<Student_info>::begin(void)': 멤버 함수를 이미 정의했거나 선언했습니다.
  (소스 파일 'util.cpp'을(를) 컴파일하는 중)
  C:\Users\com316\Desktop\C++\1-hello-c-Luisei1120\12-abstract-data-types-Luisei1120\Chp11\Vec.h(42,11):
  'Vec<Student_info>::begin' 선언을 참조하십시오.
  
C:\Users\com316\Desktop\C++\1-hello-c-Luisei1120\12-abstract-data-types-Luisei1120\Chp11\Vec.h(46,17): error C2535: 'const Student_info *Vec<Student_info>::end(void) const': 멤버 함수를 이미 정의했거나 선언했습니다.
  (소스 파일 'util.cpp'을(를) 컴파일하는 중)
  C:\Users\com316\Desktop\C++\1-hello-c-Luisei1120\12-abstract-data-types-Luisei1120\Chp11\Vec.h(43,17):
  'Vec<Student_info>::end' 선언을 참조하십시오.
  
C:\Users\com316\Desktop\C++\1-hello-c-Luisei1120\12-abstract-data-types-Luisei1120\Chp11\util.cpp(166,2): error C2672: 'sort': 일치하는 오버로드된 함수가 없습니다.
  C:\Program Files\Microsoft Visual Studio\2022\Community\VC\Tools\MSVC\14.38.33130\include\algorithm(8085,19):
  'void std::sort(const _RanIt,const _RanIt)'일 수 있습니다.
  	C:\Users\com316\Desktop\C++\1-hello-c-Luisei1120\12-abstract-data-types-Luisei1120\Chp11\util.cpp(166,2):
  	'void std::sort(const _RanIt,const _RanIt)': 2개의 인수가 필요합니다. 3개가 제공되었습니다.
  C:\Program Files\Microsoft Visual Studio\2022\Community\VC\Tools\MSVC\14.38.33130\include\algorithm(8077,19):
  또는       'void std::sort(const _RanIt,const _RanIt,_Pr)'
  	C:\Users\com316\Desktop\C++\1-hello-c-Luisei1120\12-abstract-data-types-Luisei1120\Chp11\util.cpp(166,2):
  	'void std::sort(const _RanIt,const _RanIt,_Pr)': 템플릿 매개 변수 '_RanIt'이(가) 모호합니다.
  		C:\Users\com316\Desktop\C++\1-hello-c-Luisei1120\12-abstract-data-types-Luisei1120\Chp11\util.cpp(166,2):
  		'const Student_info *'일 수 있습니다.
  		C:\Users\com316\Desktop\C++\1-hello-c-Luisei1120\12-abstract-data-types-Luisei1120\Chp11\util.cpp(166,2):
  		또는      'Student_info *'
  	C:\Users\com316\Desktop\C++\1-hello-c-Luisei1120\12-abstract-data-types-Luisei1120\Chp11\util.cpp(166,2):
  	'void std::sort(const _RanIt,const _RanIt,_Pr)': 'const Student_info *'에서 'const _RanIt'에 대한 템플릿 인수를 추론할 수 없습니다.
  
  코드를 생성하고 있습니다...
